<?xml version="1.0" encoding="UTF-8"?>
<!-- Generated by org.testng.reporters.JUnitReportReporter -->
<testsuite hostname="DESKTOP-DVAHHHB" name="Com.hrms.TestScripts.TC001" tests="1" failures="0" timestamp="4 May 2020 14:06:36 GMT" time="78.774" errors="0">
  <testcase name="login" time="78.774" classname="Com.hrms.TestScripts.TC001"/>
</testsuite> <!-- Com.hrms.TestScripts.TC001 -->
