<?xml version="1.0" encoding="UTF-8"?>
<!-- Generated by org.testng.reporters.JUnitReportReporter -->
<testsuite hostname="DESKTOP-DVAHHHB" name="Com.hrms.TestScripts.TC_002" tests="1" failures="0" timestamp="4 May 2020 13:53:47 GMT" time="80.139" errors="0">
  <testcase name="login" time="80.139" classname="Com.hrms.TestScripts.TC_002"/>
</testsuite> <!-- Com.hrms.TestScripts.TC_002 -->
